2019-07-29 12:13:51.4721 FATAL    - 
2019-07-29 12:14:05.8827 FATAL    - 
2019-07-29 12:26:37.9524 FATAL    -The partial view '~/Areas/Admin/Views/Admin/sharedItems.cshtml' was not found or no view engine supports the searched locations. The following locations were searched:
~/Areas/Admin/Views/Admin/sharedItems.cshtml 
2019-07-29 12:45:47.3467 FATAL    -The parameters dictionary contains a null entry for parameter 'productId' of non-nullable type 'System.Int32' for method 'System.Web.Mvc.ActionResult clickLike(Int32)' in 'FinalProjectMain.Controllers.HomeController'. An optional parameter must be a reference type, a nullable type, or be declared as an optional parameter.
Parameter name: parameters 
2019-07-29 12:47:56.5172 FATAL    -Object reference not set to an instance of an object. 
2019-07-29 12:47:57.9938 FATAL    -Object reference not set to an instance of an object. 
2019-07-29 12:48:17.5805 FATAL    -Object reference not set to an instance of an object. 
2019-07-29 15:47:46.0318 FATAL    - 
2019-07-29 15:48:25.6574 FATAL    - 
2019-07-29 16:01:02.9314 FATAL    - 
2019-07-29 16:03:56.8367 FATAL    - 
2019-07-29 16:12:42.0682 FATAL    - 
2019-07-29 16:13:50.5664 FATAL    - 
2019-07-29 16:45:18.4155 FATAL    -Object reference not set to an instance of an object. 
2019-07-29 16:45:27.0344 FATAL    -Object reference not set to an instance of an object. 
2019-07-29 16:45:43.1639 FATAL    -Object reference not set to an instance of an object. 
2019-07-29 16:50:10.4548 FATAL    -Object reference not set to an instance of an object. 
2019-07-29 17:15:32.8679 FATAL    - 
2019-07-29 17:17:15.4607 FATAL    - 
2019-07-29 17:19:09.3868 FATAL    - 
2019-07-29 21:09:11.0942 FATAL    -The partial view '~/Areas/Admin/Views/Admin/sharedItems.cshtml' was not found or no view engine supports the searched locations. The following locations were searched:
~/Areas/Admin/Views/Admin/sharedItems.cshtml 
2019-07-29 21:10:31.6828 FATAL    -The partial view '~/Areas/Admin/Views/Admin/sharedItems.cshtml' was not found or no view engine supports the searched locations. The following locations were searched:
~/Areas/Admin/Views/Admin/sharedItems.cshtml 
2019-07-29 21:13:47.4919 FATAL    -The partial view '~/Areas/Admin/Views/Admin/sharedItems.cshtml' was not found or no view engine supports the searched locations. The following locations were searched:
~/Areas/Admin/Views/Admin/sharedItems.cshtml 
2019-07-29 21:14:01.1714 FATAL    -The partial view '~/Areas/Admin/Views/Admin/sharedItems.cshtml' was not found or no view engine supports the searched locations. The following locations were searched:
~/Areas/Admin/Views/Admin/sharedItems.cshtml 
2019-07-29 21:15:33.3269 FATAL    -The partial view '~/Areas/Admin/Views/Admin/sharedItems.cshtml' was not found or no view engine supports the searched locations. The following locations were searched:
~/Areas/Admin/Views/Admin/sharedItems.cshtml 
2019-07-29 21:18:18.3318 FATAL    -The partial view '~/Areas/Admin/Views/Admin/sharedItems.cshtml' was not found or no view engine supports the searched locations. The following locations were searched:
~/Areas/Admin/Views/Admin/sharedItems.cshtml 
2019-07-29 21:23:28.7791 FATAL    -The partial view '~/Areas/Admin/Views/Admin/sharedItems.cshtml' was not found or no view engine supports the searched locations. The following locations were searched:
~/Areas/Admin/Views/Admin/sharedItems.cshtml 
2019-07-29 21:25:27.7767 FATAL    -The partial view '~/Areas/Admin/Views/Admin/sharedItems.cshtml' was not found or no view engine supports the searched locations. The following locations were searched:
~/Areas/Admin/Views/Admin/sharedItems.cshtml 
2019-07-29 21:34:35.9439 FATAL    -The parameters dictionary contains a null entry for parameter 'size' of non-nullable type 'System.Decimal' for method 'System.Web.Mvc.ActionResult SubmitCreateNewItem(System.String, System.String, Int32, Int32, System.Collections.Generic.List`1[System.Int32], System.Nullable`1[System.Int32], System.Decimal, System.Decimal, System.Decimal, System.Collections.Generic.List`1[System.Web.HttpPostedFileBase])' in 'FinalProjectMain.Areas.Admin.Controllers.AdminController'. An optional parameter must be a reference type, a nullable type, or be declared as an optional parameter.
Parameter name: parameters 
2019-07-29 21:35:39.7584 FATAL    -Object reference not set to an instance of an object. 
2019-07-29 21:37:01.1546 FATAL    -Object reference not set to an instance of an object. 
2019-07-29 22:27:06.0111 FATAL    -Object reference not set to an instance of an object. 
