2019-08-06 02:15:52.8343 FATAL    -Object reference not set to an instance of an object. 
2019-08-06 03:36:16.6257 FATAL    -Validation failed for one or more entities. See 'EntityValidationErrors' property for more details. 
2019-08-06 03:40:09.9840 FATAL    -Validation failed for one or more entities. See 'EntityValidationErrors' property for more details. 
2019-08-06 03:40:59.7795 FATAL    -Validation failed for one or more entities. See 'EntityValidationErrors' property for more details. 
2019-08-06 03:55:45.2100 FATAL    -Object reference not set to an instance of an object. 
2019-08-06 04:31:05.9611 FATAL    -Store update, insert, or delete statement affected an unexpected number of rows (0). Entities may have been modified or deleted since entities were loaded. See http://go.microsoft.com/fwlink/?LinkId=472540 for information on understanding and handling optimistic concurrency exceptions. 
2019-08-06 04:33:20.1358 FATAL    -Store update, insert, or delete statement affected an unexpected number of rows (0). Entities may have been modified or deleted since entities were loaded. See http://go.microsoft.com/fwlink/?LinkId=472540 for information on understanding and handling optimistic concurrency exceptions. 
2019-08-06 04:34:36.4917 FATAL    -Store update, insert, or delete statement affected an unexpected number of rows (0). Entities may have been modified or deleted since entities were loaded. See http://go.microsoft.com/fwlink/?LinkId=472540 for information on understanding and handling optimistic concurrency exceptions. 
2019-08-06 04:40:43.2140 FATAL    -The parameters dictionary contains a null entry for parameter 'GenderId' of non-nullable type 'System.Int32' for method 'System.Web.Mvc.ActionResult changeMyAccount(Int32, System.String, System.String, System.String, System.String, System.String, System.DateTime, Boolean)' in 'FinalProjectMain.Controllers.HomeController'. An optional parameter must be a reference type, a nullable type, or be declared as an optional parameter.
Parameter name: parameters 
2019-08-06 04:51:22.4871 FATAL    -The parameters dictionary contains a null entry for parameter 'Notification' of non-nullable type 'System.Boolean' for method 'System.Web.Mvc.ActionResult changeMyAccount(Int32, System.String, System.String, System.String, System.String, System.String, System.DateTime, Boolean)' in 'FinalProjectMain.Controllers.HomeController'. An optional parameter must be a reference type, a nullable type, or be declared as an optional parameter.
Parameter name: parameters 
2019-08-06 04:53:47.6613 FATAL    -Object reference not set to an instance of an object. 
2019-08-06 04:55:00.7143 FATAL    -The parameters dictionary contains a null entry for parameter 'Notification' of non-nullable type 'System.Boolean' for method 'System.Web.Mvc.ActionResult changeMyAccount(Int32, System.String, System.String, System.String, System.String, System.String, System.DateTime, Boolean)' in 'FinalProjectMain.Controllers.HomeController'. An optional parameter must be a reference type, a nullable type, or be declared as an optional parameter.
Parameter name: parameters 
2019-08-06 04:55:19.0574 FATAL    -The parameters dictionary contains a null entry for parameter 'Notification' of non-nullable type 'System.Boolean' for method 'System.Web.Mvc.ActionResult changeMyAccount(Int32, System.String, System.String, System.String, System.String, System.String, System.DateTime, Boolean)' in 'FinalProjectMain.Controllers.HomeController'. An optional parameter must be a reference type, a nullable type, or be declared as an optional parameter.
Parameter name: parameters 
2019-08-06 04:57:31.4796 FATAL    -The parameters dictionary contains a null entry for parameter 'Notification' of non-nullable type 'System.Boolean' for method 'System.Web.Mvc.ActionResult changeMyAccount(Int32, System.String, System.String, System.String, System.String, System.String, System.DateTime, Boolean)' in 'FinalProjectMain.Controllers.HomeController'. An optional parameter must be a reference type, a nullable type, or be declared as an optional parameter.
Parameter name: parameters 
2019-08-06 04:58:50.6192 FATAL    -The parameters dictionary contains a null entry for parameter 'Notification' of non-nullable type 'System.Boolean' for method 'System.Web.Mvc.ActionResult changeMyAccount(Int32, System.String, System.String, System.String, System.String, System.String, System.DateTime, Boolean)' in 'FinalProjectMain.Controllers.HomeController'. An optional parameter must be a reference type, a nullable type, or be declared as an optional parameter.
Parameter name: parameters 
2019-08-06 05:51:21.2178 FATAL    -Object reference not set to an instance of an object. 
2019-08-06 05:52:05.1471 FATAL    -Object reference not set to an instance of an object. 
